focal_from_exif: 0.076700925827
detect_features: 26.6910898685
match_features: 204.141077995
reconstruct: 65.4794449806
mesh: 11.2567892075
focal_from_exif: 0.0780289173126
detect_features: 0.0280339717865
match_features: 203.066123009
reconstruct: 63.6663999557
mesh: 9.66182208061
focal_from_exif: 0.124050855637
detect_features: 0.0491070747375
match_features: 182.565486193
reconstruct: 62.5569069386
mesh: 9.07535290718
focal_from_exif: 0.100316047668
detect_features: 0.051276922226
match_features: 196.192636967
reconstruct: 68.8646559715
mesh: 10.0618588924
